{"/Users/wutmanintu/Documents/GitHub/preorder/src/App.vue": {"path":"/Users/wutmanintu/Documents/GitHub/preorder/src/App.vue","statementMap":{"0":{"start":{"line":20,"column":0},"end":{"line":null,"column":-1}},"1":{"start":{"line":21,"column":0},"end":{"line":null,"column":-1}},"2":{"start":{"line":22,"column":0},"end":{"line":null,"column":-1}},"3":{"start":{"line":32,"column":0},"end":{"line":null,"column":-1}},"4":{"start":{"line":33,"column":0},"end":{"line":48,"column":0}},"5":{"start":{"line":34,"column":0},"end":{"line":47,"column":0}},"6":{"start":{"line":35,"column":0},"end":{"line":null,"column":-1}},"7":{"start":{"line":40,"column":0},"end":{"line":42,"column":0}},"8":{"start":{"line":41,"column":0},"end":{"line":null,"column":-1}},"9":{"start":{"line":43,"column":0},"end":{"line":null,"column":-1}},"10":{"start":{"line":45,"column":0},"end":{"line":null,"column":-1}},"11":{"start":{"line":46,"column":0},"end":{"line":null,"column":-1}},"12":{"start":{"line":56,"column":0},"end":{"line":64,"column":0}},"13":{"start":{"line":57,"column":0},"end":{"line":null,"column":-1}},"14":{"start":{"line":58,"column":0},"end":{"line":null,"column":-1}},"15":{"start":{"line":59,"column":0},"end":{"line":null,"column":-1}},"16":{"start":{"line":60,"column":0},"end":{"line":null,"column":-1}},"17":{"start":{"line":61,"column":0},"end":{"line":null,"column":-1}},"18":{"start":{"line":63,"column":0},"end":{"line":null,"column":-1}}},"fnMap":{"0":{"name":"(anonymous_1)","decl":{"start":{"line":33,"column":0},"end":{"line":null,"column":-1}},"loc":{"start":{"line":33,"column":0},"end":{"line":48,"column":0}}},"1":{"name":"(anonymous_2)","decl":{"start":{"line":57,"column":0},"end":{"line":null,"column":-1}},"loc":{"start":{"line":57,"column":0},"end":{"line":null,"column":-1}}}},"branchMap":{"0":{"loc":{"start":{"line":34,"column":0},"end":{"line":47,"column":0}},"type":"if","locations":[{"start":{"line":34,"column":0},"end":{"line":47,"column":0}},{"start":{"line":34,"column":0},"end":{"line":47,"column":0}}]},"1":{"loc":{"start":{"line":40,"column":0},"end":{"line":42,"column":0}},"type":"if","locations":[{"start":{"line":40,"column":0},"end":{"line":42,"column":0}},{"start":{"line":40,"column":0},"end":{"line":42,"column":0}}]},"2":{"loc":{"start":{"line":40,"column":0},"end":{"line":null,"column":-1}},"type":"binary-expr","locations":[{"start":{"line":40,"column":0},"end":{"line":null,"column":-1}},{"start":{"line":40,"column":0},"end":{"line":null,"column":-1}}]}},"s":{"0":0,"1":0,"2":0,"3":0,"4":0,"5":0,"6":0,"7":0,"8":0,"9":0,"10":0,"11":0,"12":0,"13":0,"14":0,"15":0,"16":0,"17":0,"18":0},"f":{"0":0,"1":0},"b":{"0":[0,0],"1":[0,0],"2":[0,0]}}
,"/Users/wutmanintu/Documents/GitHub/preorder/src/main.js": {"path":"/Users/wutmanintu/Documents/GitHub/preorder/src/main.js","statementMap":{"0":{"start":{"line":1,"column":0},"end":{"line":null,"column":-1}},"1":{"start":{"line":2,"column":0},"end":{"line":null,"column":-1}},"2":{"start":{"line":3,"column":0},"end":{"line":null,"column":-1}},"3":{"start":{"line":4,"column":0},"end":{"line":null,"column":-1}},"4":{"start":{"line":6,"column":0},"end":{"line":null,"column":-1}},"5":{"start":{"line":19,"column":0},"end":{"line":null,"column":-1}},"6":{"start":{"line":20,"column":0},"end":{"line":null,"column":-1}},"7":{"start":{"line":21,"column":0},"end":{"line":null,"column":-1}},"8":{"start":{"line":22,"column":0},"end":{"line":null,"column":-1}},"9":{"start":{"line":23,"column":0},"end":{"line":null,"column":-1}},"10":{"start":{"line":25,"column":0},"end":{"line":null,"column":-1}},"11":{"start":{"line":26,"column":0},"end":{"line":null,"column":-1}},"12":{"start":{"line":27,"column":0},"end":{"line":null,"column":-1}},"13":{"start":{"line":28,"column":0},"end":{"line":null,"column":-1}},"14":{"start":{"line":29,"column":0},"end":{"line":null,"column":-1}},"15":{"start":{"line":30,"column":0},"end":{"line":null,"column":-1}},"16":{"start":{"line":31,"column":0},"end":{"line":null,"column":-1}},"17":{"start":{"line":32,"column":0},"end":{"line":null,"column":-1}},"18":{"start":{"line":33,"column":0},"end":{"line":null,"column":-1}},"19":{"start":{"line":35,"column":0},"end":{"line":null,"column":-1}},"20":{"start":{"line":36,"column":0},"end":{"line":null,"column":-1}},"21":{"start":{"line":37,"column":0},"end":{"line":null,"column":-1}},"22":{"start":{"line":39,"column":0},"end":{"line":null,"column":-1}},"23":{"start":{"line":41,"column":0},"end":{"line":null,"column":-1}},"24":{"start":{"line":42,"column":15},"end":{"line":41,"column":8}}},"fnMap":{"0":{"name":"(anonymous_0)","decl":{"start":{"line":42,"column":10},"end":{"line":42,"column":11}},"loc":{"start":{"line":42,"column":15},"end":{"line":41,"column":8}}}},"branchMap":{},"s":{"0":0,"1":0,"2":0,"3":0,"4":0,"5":0,"6":0,"7":0,"8":0,"9":0,"10":0,"11":0,"12":0,"13":0,"14":0,"15":0,"16":0,"17":0,"18":0,"19":0,"20":0,"21":0,"22":0,"23":0,"24":0},"f":{"0":0},"b":{}}
,"/Users/wutmanintu/Documents/GitHub/preorder/src/api/consumer.js": {"path":"/Users/wutmanintu/Documents/GitHub/preorder/src/api/consumer.js","statementMap":{"0":{"start":{"line":1,"column":0},"end":{"line":null,"column":-1}},"1":{"start":{"line":5,"column":4},"end":{"line":10,"column":5}},"2":{"start":{"line":6,"column":19},"end":{"line":6,"column":6}},"3":{"start":{"line":7,"column":6},"end":{"line":null,"column":-1}},"4":{"start":{"line":9,"column":6},"end":{"line":null,"column":-1}}},"fnMap":{},"branchMap":{},"s":{"0":0,"1":0,"2":0,"3":0,"4":0},"f":{},"b":{}}
,"/Users/wutmanintu/Documents/GitHub/preorder/src/api/item.js": {"path":"/Users/wutmanintu/Documents/GitHub/preorder/src/api/item.js","statementMap":{"0":{"start":{"line":1,"column":0},"end":{"line":null,"column":-1}},"1":{"start":{"line":5,"column":4},"end":{"line":10,"column":5}},"2":{"start":{"line":6,"column":26},"end":{"line":6,"column":6}},"3":{"start":{"line":7,"column":6},"end":{"line":null,"column":-1}},"4":{"start":{"line":9,"column":6},"end":{"line":null,"column":-1}},"5":{"start":{"line":13,"column":4},"end":{"line":18,"column":5}},"6":{"start":{"line":14,"column":19},"end":{"line":14,"column":6}},"7":{"start":{"line":15,"column":6},"end":{"line":null,"column":-1}},"8":{"start":{"line":17,"column":6},"end":{"line":null,"column":-1}},"9":{"start":{"line":21,"column":4},"end":{"line":26,"column":5}},"10":{"start":{"line":22,"column":19},"end":{"line":22,"column":6}},"11":{"start":{"line":23,"column":6},"end":{"line":null,"column":-1}},"12":{"start":{"line":25,"column":6},"end":{"line":null,"column":-1}}},"fnMap":{},"branchMap":{},"s":{"0":0,"1":0,"2":0,"3":0,"4":0,"5":0,"6":0,"7":0,"8":0,"9":0,"10":0,"11":0,"12":0},"f":{},"b":{}}
,"/Users/wutmanintu/Documents/GitHub/preorder/src/api/menu.js": {"path":"/Users/wutmanintu/Documents/GitHub/preorder/src/api/menu.js","statementMap":{"0":{"start":{"line":1,"column":0},"end":{"line":null,"column":-1}},"1":{"start":{"line":5,"column":4},"end":{"line":10,"column":5}},"2":{"start":{"line":6,"column":27},"end":{"line":6,"column":6}},"3":{"start":{"line":7,"column":6},"end":{"line":null,"column":-1}},"4":{"start":{"line":9,"column":6},"end":{"line":null,"column":-1}},"5":{"start":{"line":13,"column":4},"end":{"line":18,"column":5}},"6":{"start":{"line":14,"column":19},"end":{"line":14,"column":6}},"7":{"start":{"line":15,"column":6},"end":{"line":null,"column":-1}},"8":{"start":{"line":17,"column":6},"end":{"line":null,"column":-1}},"9":{"start":{"line":21,"column":4},"end":{"line":26,"column":5}},"10":{"start":{"line":22,"column":26},"end":{"line":22,"column":6}},"11":{"start":{"line":23,"column":6},"end":{"line":null,"column":-1}},"12":{"start":{"line":25,"column":6},"end":{"line":null,"column":-1}}},"fnMap":{},"branchMap":{},"s":{"0":0,"1":0,"2":0,"3":0,"4":0,"5":0,"6":0,"7":0,"8":0,"9":0,"10":0,"11":0,"12":0},"f":{},"b":{}}
,"/Users/wutmanintu/Documents/GitHub/preorder/src/components/AmountInput.vue": {"path":"/Users/wutmanintu/Documents/GitHub/preorder/src/components/AmountInput.vue","statementMap":{"0":{"start":{"line":10,"column":0},"end":{"line":null,"column":-1}},"1":{"start":{"line":11,"column":0},"end":{"line":null,"column":-1}},"2":{"start":{"line":20,"column":0},"end":{"line":null,"column":-1}},"3":{"start":{"line":21,"column":0},"end":{"line":null,"column":-1}},"4":{"start":{"line":27,"column":0},"end":{"line":34,"column":0}},"5":{"start":{"line":28,"column":0},"end":{"line":null,"column":-1}},"6":{"start":{"line":29,"column":0},"end":{"line":null,"column":-1}},"7":{"start":{"line":30,"column":0},"end":{"line":null,"column":-1}},"8":{"start":{"line":32,"column":0},"end":{"line":null,"column":-1}},"9":{"start":{"line":33,"column":0},"end":{"line":null,"column":-1}},"10":{"start":{"line":37,"column":0},"end":{"line":null,"column":-1}}},"fnMap":{"0":{"name":"(anonymous_1)","decl":{"start":{"line":37,"column":0},"end":{"line":null,"column":-1}},"loc":{"start":{"line":37,"column":0},"end":{"line":null,"column":-1}}}},"branchMap":{"0":{"loc":{"start":{"line":27,"column":0},"end":{"line":34,"column":0}},"type":"if","locations":[{"start":{"line":27,"column":0},"end":{"line":34,"column":0}},{"start":{"line":27,"column":0},"end":{"line":34,"column":0}}]}},"s":{"0":0,"1":0,"2":0,"3":0,"4":0,"5":0,"6":0,"7":0,"8":0,"9":0,"10":0},"f":{"0":0},"b":{"0":[0,0]}}
,"/Users/wutmanintu/Documents/GitHub/preorder/src/components/Menu.vue": {"path":"/Users/wutmanintu/Documents/GitHub/preorder/src/components/Menu.vue","statementMap":{"0":{"start":{"line":10,"column":0},"end":{"line":null,"column":-1}},"1":{"start":{"line":15,"column":0},"end":{"line":null,"column":-1}}},"fnMap":{},"branchMap":{"0":{"loc":{"start":{"line":15,"column":0},"end":{"line":null,"column":-1}},"type":"cond-expr","locations":[{"start":{"line":15,"column":0},"end":{"line":null,"column":-1}},{"start":{"line":15,"column":0},"end":{"line":null,"column":-1}}]}},"s":{"0":0,"1":0},"f":{},"b":{"0":[0,0]}}
,"/Users/wutmanintu/Documents/GitHub/preorder/src/config/firebase.js": {"path":"/Users/wutmanintu/Documents/GitHub/preorder/src/config/firebase.js","statementMap":{"0":{"start":{"line":1,"column":0},"end":{"line":null,"column":-1}},"1":{"start":{"line":2,"column":0},"end":{"line":null,"column":-1}},"2":{"start":{"line":3,"column":0},"end":{"line":null,"column":-1}},"3":{"start":{"line":5,"column":13},"end":{"line":5,"column":0}},"4":{"start":{"line":17,"column":11},"end":{"line":17,"column":0}},"5":{"start":{"line":18,"column":13},"end":{"line":18,"column":0}},"6":{"start":{"line":19,"column":21},"end":{"line":19,"column":0}},"7":{"start":{"line":20,"column":20},"end":{"line":20,"column":0}},"8":{"start":{"line":23,"column":28},"end":{"line":23,"column":0}},"9":{"start":{"line":24,"column":24},"end":{"line":24,"column":0}},"10":{"start":{"line":25,"column":24},"end":{"line":25,"column":0}}},"fnMap":{},"branchMap":{},"s":{"0":0,"1":0,"2":0,"3":0,"4":0,"5":0,"6":0,"7":0,"8":0,"9":0,"10":0},"f":{},"b":{}}
,"/Users/wutmanintu/Documents/GitHub/preorder/src/config/router.js": {"path":"/Users/wutmanintu/Documents/GitHub/preorder/src/config/router.js","statementMap":{"0":{"start":{"line":1,"column":0},"end":{"line":null,"column":-1}},"1":{"start":{"line":2,"column":0},"end":{"line":null,"column":-1}},"2":{"start":{"line":3,"column":0},"end":{"line":null,"column":-1}},"3":{"start":{"line":4,"column":0},"end":{"line":null,"column":-1}},"4":{"start":{"line":5,"column":0},"end":{"line":null,"column":-1}},"5":{"start":{"line":6,"column":0},"end":{"line":null,"column":-1}},"6":{"start":{"line":7,"column":0},"end":{"line":null,"column":-1}},"7":{"start":{"line":9,"column":0},"end":{"line":null,"column":-1}}},"fnMap":{},"branchMap":{},"s":{"0":0,"1":0,"2":0,"3":0,"4":0,"5":0,"6":0,"7":0},"f":{},"b":{}}
,"/Users/wutmanintu/Documents/GitHub/preorder/src/store/index.js": {"path":"/Users/wutmanintu/Documents/GitHub/preorder/src/store/index.js","statementMap":{"0":{"start":{"line":1,"column":0},"end":{"line":null,"column":-1}},"1":{"start":{"line":2,"column":0},"end":{"line":null,"column":-1}},"2":{"start":{"line":3,"column":0},"end":{"line":null,"column":-1}},"3":{"start":{"line":4,"column":0},"end":{"line":null,"column":-1}},"4":{"start":{"line":5,"column":0},"end":{"line":null,"column":-1}},"5":{"start":{"line":6,"column":0},"end":{"line":null,"column":-1}},"6":{"start":{"line":8,"column":0},"end":{"line":null,"column":-1}}},"fnMap":{},"branchMap":{},"s":{"0":0,"1":0,"2":0,"3":0,"4":0,"5":0,"6":0},"f":{},"b":{}}
,"/Users/wutmanintu/Documents/GitHub/preorder/src/store/modules/consumers.js": {"path":"/Users/wutmanintu/Documents/GitHub/preorder/src/store/modules/consumers.js","statementMap":{"0":{"start":{"line":2,"column":0},"end":{"line":null,"column":-1}},"1":{"start":{"line":3,"column":0},"end":{"line":null,"column":-1}},"2":{"start":{"line":6,"column":14},"end":{"line":6,"column":0}},"3":{"start":{"line":13,"column":16},"end":{"line":13,"column":0}},"4":{"start":{"line":15,"column":4},"end":{"line":null,"column":-1}},"5":{"start":{"line":20,"column":16},"end":{"line":20,"column":0}},"6":{"start":{"line":22,"column":4},"end":{"line":27,"column":5}},"7":{"start":{"line":23,"column":19},"end":{"line":23,"column":6}},"8":{"start":{"line":24,"column":6},"end":{"line":null,"column":-1}},"9":{"start":{"line":26,"column":6},"end":{"line":null,"column":-1}},"10":{"start":{"line":30,"column":33},"end":{"line":30,"column":4}},"11":{"start":{"line":32,"column":24},"end":{"line":32,"column":8}},"12":{"start":{"line":33,"column":8},"end":{"line":null,"column":-1}},"13":{"start":{"line":34,"column":10},"end":{"line":47,"column":11}},"14":{"start":{"line":35,"column":29},"end":{"line":35,"column":12}},"15":{"start":{"line":35,"column":61},"end":{"line":35,"column":29}},"16":{"start":{"line":36,"column":12},"end":{"line":42,"column":13}},"17":{"start":{"line":37,"column":14},"end":{"line":null,"column":-1}},"18":{"start":{"line":39,"column":29},"end":{"line":39,"column":14}},"19":{"start":{"line":40,"column":14},"end":{"line":null,"column":-1}},"20":{"start":{"line":41,"column":14},"end":{"line":null,"column":-1}},"21":{"start":{"line":44,"column":27},"end":{"line":44,"column":12}},"22":{"start":{"line":45,"column":12},"end":{"line":null,"column":-1}},"23":{"start":{"line":46,"column":12},"end":{"line":null,"column":-1}},"24":{"start":{"line":49,"column":41},"end":{"line":49,"column":8}},"25":{"start":{"line":51,"column":24},"end":{"line":51,"column":12}},"26":{"start":{"line":52,"column":12},"end":{"line":null,"column":-1}},"27":{"start":{"line":53,"column":14},"end":{"line":null,"column":-1}},"28":{"start":{"line":55,"column":12},"end":{"line":null,"column":-1}},"29":{"start":{"line":56,"column":14},"end":{"line":null,"column":-1}},"30":{"start":{"line":57,"column":16},"end":{"line":null,"column":-1}},"31":{"start":{"line":58,"column":28},"end":{"line":58,"column":16}},"32":{"start":{"line":58,"column":47},"end":{"line":58,"column":28}},"33":{"start":{"line":59,"column":16},"end":{"line":61,"column":17}},"34":{"start":{"line":60,"column":18},"end":{"line":null,"column":-1}},"35":{"start":{"line":62,"column":16},"end":{"line":null,"column":-1}},"36":{"start":{"line":64,"column":14},"end":{"line":null,"column":-1}},"37":{"start":{"line":66,"column":12},"end":{"line":null,"column":-1}},"38":{"start":{"line":68,"column":8},"end":{"line":null,"column":-1}},"39":{"start":{"line":70,"column":4},"end":{"line":null,"column":-1}},"40":{"start":{"line":73,"column":4},"end":{"line":null,"column":-1}},"41":{"start":{"line":76,"column":4},"end":{"line":null,"column":-1}},"42":{"start":{"line":80,"column":17},"end":{"line":80,"column":4}},"43":{"start":{"line":81,"column":4},"end":{"line":null,"column":-1}},"44":{"start":{"line":83,"column":6},"end":{"line":null,"column":-1}},"45":{"start":{"line":84,"column":8},"end":{"line":84,"column":72}},"46":{"start":{"line":84,"column":27},"end":{"line":null,"column":-1}},"47":{"start":{"line":85,"column":26},"end":{"line":85,"column":8}},"48":{"start":{"line":86,"column":8},"end":{"line":null,"column":-1}},"49":{"start":{"line":88,"column":12},"end":{"line":null,"column":-1}},"50":{"start":{"line":89,"column":12},"end":{"line":null,"column":-1}},"51":{"start":{"line":91,"column":12},"end":{"line":null,"column":-1}},"52":{"start":{"line":92,"column":12},"end":{"line":null,"column":-1}},"53":{"start":{"line":94,"column":8},"end":{"line":null,"column":-1}},"54":{"start":{"line":97,"column":6},"end":{"line":null,"column":-1}},"55":{"start":{"line":99,"column":6},"end":{"line":null,"column":-1}},"56":{"start":{"line":105,"column":18},"end":{"line":105,"column":0}},"57":{"start":{"line":107,"column":4},"end":{"line":null,"column":-1}},"58":{"start":{"line":110,"column":4},"end":{"line":null,"column":-1}},"59":{"start":{"line":113,"column":4},"end":{"line":null,"column":-1}}},"fnMap":{"0":{"name":"(anonymous_0)","decl":{"start":{"line":31,"column":18},"end":{"line":31,"column":23}},"loc":{"start":{"line":31,"column":36},"end":{"line":30,"column":33}}},"1":{"name":"(anonymous_1)","decl":{"start":{"line":33,"column":25},"end":{"line":33,"column":27}},"loc":{"start":{"line":33,"column":32},"end":{"line":33,"column":8}}},"2":{"name":"(anonymous_2)","decl":{"start":{"line":35,"column":49},"end":{"line":35,"column":56}},"loc":{"start":{"line":35,"column":61},"end":{"line":35,"column":29}}},"3":{"name":"(anonymous_3)","decl":{"start":{"line":50,"column":22},"end":{"line":50,"column":27}},"loc":{"start":{"line":50,"column":44},"end":{"line":49,"column":41}}},"4":{"name":"(anonymous_4)","decl":{"start":{"line":52,"column":33},"end":{"line":52,"column":35}},"loc":{"start":{"line":52,"column":40},"end":{"line":52,"column":12}}},"5":{"name":"(anonymous_5)","decl":{"start":{"line":55,"column":26},"end":{"line":55,"column":33}},"loc":{"start":{"line":55,"column":38},"end":{"line":55,"column":12}}},"6":{"name":"(anonymous_6)","decl":{"start":{"line":56,"column":40},"end":{"line":56,"column":44}},"loc":{"start":{"line":56,"column":49},"end":{"line":56,"column":14}}},"7":{"name":"(anonymous_7)","decl":{"start":{"line":58,"column":39},"end":{"line":58,"column":42}},"loc":{"start":{"line":58,"column":47},"end":{"line":58,"column":28}}},"8":{"name":"(anonymous_8)","decl":{"start":{"line":81,"column":30},"end":{"line":81,"column":28}},"loc":{"start":{"line":81,"column":46},"end":{"line":81,"column":11}}},"9":{"name":"(anonymous_9)","decl":{"start":{"line":83,"column":43},"end":{"line":83,"column":41}},"loc":{"start":{"line":83,"column":51},"end":{"line":83,"column":13}}},"10":{"name":"(anonymous_10)","decl":{"start":{"line":96,"column":12},"end":{"line":96,"column":17}},"loc":{"start":{"line":96,"column":18},"end":{"line":81,"column":11}}},"11":{"name":"(anonymous_11)","decl":{"start":{"line":98,"column":14},"end":{"line":98,"column":12}},"loc":{"start":{"line":98,"column":24},"end":{"line":81,"column":11}}}},"branchMap":{"0":{"loc":{"start":{"line":34,"column":10},"end":{"line":47,"column":11}},"type":"if","locations":[{"start":{"line":34,"column":10},"end":{"line":47,"column":11}},{"start":{"line":34,"column":10},"end":{"line":47,"column":11}}]},"1":{"loc":{"start":{"line":36,"column":12},"end":{"line":42,"column":13}},"type":"if","locations":[{"start":{"line":36,"column":12},"end":{"line":42,"column":13}},{"start":{"line":36,"column":12},"end":{"line":42,"column":13}}]},"2":{"loc":{"start":{"line":59,"column":16},"end":{"line":61,"column":17}},"type":"if","locations":[{"start":{"line":59,"column":16},"end":{"line":61,"column":17}},{"start":{"line":59,"column":16},"end":{"line":61,"column":17}}]},"3":{"loc":{"start":{"line":84,"column":8},"end":{"line":84,"column":72}},"type":"if","locations":[{"start":{"line":84,"column":8},"end":{"line":84,"column":72}},{"start":{"line":84,"column":8},"end":{"line":84,"column":72}}]},"4":{"loc":{"start":{"line":87,"column":10},"end":{"line":89,"column":12}},"type":"switch","locations":[{"start":{"line":87,"column":10},"end":{"line":89,"column":12}},{"start":{"line":90,"column":10},"end":{"line":92,"column":12}}]}},"s":{"0":0,"1":0,"2":0,"3":0,"4":0,"5":0,"6":0,"7":0,"8":0,"9":0,"10":0,"11":0,"12":0,"13":0,"14":0,"15":0,"16":0,"17":0,"18":0,"19":0,"20":0,"21":0,"22":0,"23":0,"24":0,"25":0,"26":0,"27":0,"28":0,"29":0,"30":0,"31":0,"32":0,"33":0,"34":0,"35":0,"36":0,"37":0,"38":0,"39":0,"40":0,"41":0,"42":0,"43":0,"44":0,"45":0,"46":0,"47":0,"48":0,"49":0,"50":0,"51":0,"52":0,"53":0,"54":0,"55":0,"56":0,"57":0,"58":0,"59":0},"f":{"0":0,"1":0,"2":0,"3":0,"4":0,"5":0,"6":0,"7":0,"8":0,"9":0,"10":0,"11":0},"b":{"0":[0,0],"1":[0,0],"2":[0,0],"3":[0,0],"4":[0,0]}}
,"/Users/wutmanintu/Documents/GitHub/preorder/src/store/modules/item.js": {"path":"/Users/wutmanintu/Documents/GitHub/preorder/src/store/modules/item.js","statementMap":{"0":{"start":{"line":2,"column":0},"end":{"line":null,"column":-1}},"1":{"start":{"line":3,"column":0},"end":{"line":null,"column":-1}},"2":{"start":{"line":6,"column":14},"end":{"line":6,"column":0}},"3":{"start":{"line":13,"column":16},"end":{"line":13,"column":0}},"4":{"start":{"line":15,"column":4},"end":{"line":null,"column":-1}},"5":{"start":{"line":18,"column":21},"end":{"line":18,"column":4}},"6":{"start":{"line":19,"column":18},"end":{"line":19,"column":6}},"7":{"start":{"line":20,"column":8},"end":{"line":null,"column":-1}},"8":{"start":{"line":22,"column":22},"end":{"line":22,"column":6}},"9":{"start":{"line":22,"column":53},"end":{"line":22,"column":22}},"10":{"start":{"line":23,"column":6},"end":{"line":null,"column":-1}},"11":{"start":{"line":25,"column":4},"end":{"line":null,"column":-1}},"12":{"start":{"line":29,"column":27},"end":{"line":29,"column":0}},"13":{"start":{"line":30,"column":19},"end":{"line":30,"column":2}},"14":{"start":{"line":30,"column":43},"end":{"line":30,"column":19}},"15":{"start":{"line":31,"column":2},"end":{"line":null,"column":-1}},"16":{"start":{"line":35,"column":16},"end":{"line":35,"column":0}},"17":{"start":{"line":37,"column":21},"end":{"line":37,"column":4}},"18":{"start":{"line":39,"column":20},"end":{"line":39,"column":8}},"19":{"start":{"line":41,"column":8},"end":{"line":null,"column":-1}},"20":{"start":{"line":42,"column":21},"end":{"line":42,"column":10}},"21":{"start":{"line":43,"column":10},"end":{"line":null,"column":-1}},"22":{"start":{"line":45,"column":29},"end":{"line":45,"column":8}},"23":{"start":{"line":47,"column":28},"end":{"line":47,"column":12}},"24":{"start":{"line":48,"column":12},"end":{"line":null,"column":-1}},"25":{"start":{"line":49,"column":29},"end":{"line":49,"column":14}},"26":{"start":{"line":50,"column":14},"end":{"line":null,"column":-1}},"27":{"start":{"line":52,"column":12},"end":{"line":null,"column":-1}},"28":{"start":{"line":53,"column":28},"end":{"line":53,"column":14}},"29":{"start":{"line":53,"column":57},"end":{"line":53,"column":28}},"30":{"start":{"line":54,"column":14},"end":{"line":null,"column":-1}},"31":{"start":{"line":55,"column":14},"end":{"line":57,"column":15}},"32":{"start":{"line":56,"column":16},"end":{"line":null,"column":-1}},"33":{"start":{"line":58,"column":14},"end":{"line":60,"column":15}},"34":{"start":{"line":59,"column":16},"end":{"line":null,"column":-1}},"35":{"start":{"line":62,"column":12},"end":{"line":null,"column":-1}},"36":{"start":{"line":63,"column":14},"end":{"line":68,"column":15}},"37":{"start":{"line":64,"column":16},"end":{"line":67,"column":17}},"38":{"start":{"line":65,"column":35},"end":{"line":65,"column":18}},"39":{"start":{"line":66,"column":18},"end":{"line":null,"column":-1}},"40":{"start":{"line":69,"column":14},"end":{"line":87,"column":15}},"41":{"start":{"line":70,"column":16},"end":{"line":73,"column":17}},"42":{"start":{"line":71,"column":35},"end":{"line":71,"column":18}},"43":{"start":{"line":72,"column":18},"end":{"line":null,"column":-1}},"44":{"start":{"line":74,"column":16},"end":{"line":86,"column":17}},"45":{"start":{"line":75,"column":18},"end":{"line":85,"column":19}},"46":{"start":{"line":76,"column":20},"end":{"line":null,"column":-1}},"47":{"start":{"line":77,"column":20},"end":{"line":null,"column":-1}},"48":{"start":{"line":78,"column":37},"end":{"line":78,"column":20}},"49":{"start":{"line":78,"column":61},"end":{"line":78,"column":37}},"50":{"start":{"line":79,"column":40},"end":{"line":79,"column":20}},"51":{"start":{"line":79,"column":90},"end":{"line":79,"column":40}},"52":{"start":{"line":80,"column":20},"end":{"line":82,"column":21}},"53":{"start":{"line":81,"column":22},"end":{"line":null,"column":-1}},"54":{"start":{"line":84,"column":20},"end":{"line":null,"column":-1}},"55":{"start":{"line":89,"column":12},"end":{"line":null,"column":-1}},"56":{"start":{"line":91,"column":12},"end":{"line":null,"column":-1}},"57":{"start":{"line":93,"column":8},"end":{"line":null,"column":-1}},"58":{"start":{"line":95,"column":8},"end":{"line":null,"column":-1}},"59":{"start":{"line":97,"column":4},"end":{"line":null,"column":-1}},"60":{"start":{"line":100,"column":4},"end":{"line":null,"column":-1}},"61":{"start":{"line":103,"column":4},"end":{"line":null,"column":-1}},"62":{"start":{"line":106,"column":4},"end":{"line":114,"column":5}},"63":{"start":{"line":107,"column":6},"end":{"line":null,"column":-1}},"64":{"start":{"line":108,"column":20},"end":{"line":108,"column":6}},"65":{"start":{"line":109,"column":6},"end":{"line":null,"column":-1}},"66":{"start":{"line":110,"column":19},"end":{"line":110,"column":6}},"67":{"start":{"line":111,"column":6},"end":{"line":null,"column":-1}},"68":{"start":{"line":113,"column":6},"end":{"line":null,"column":-1}},"69":{"start":{"line":119,"column":18},"end":{"line":119,"column":0}},"70":{"start":{"line":121,"column":4},"end":{"line":null,"column":-1}},"71":{"start":{"line":124,"column":4},"end":{"line":null,"column":-1}},"72":{"start":{"line":127,"column":4},"end":{"line":null,"column":-1}}},"fnMap":{"0":{"name":"(anonymous_0)","decl":{"start":{"line":18,"column":37},"end":{"line":18,"column":40}},"loc":{"start":{"line":18,"column":45},"end":{"line":18,"column":21}}},"1":{"name":"(anonymous_1)","decl":{"start":{"line":19,"column":40},"end":{"line":19,"column":41}},"loc":{"start":{"line":19,"column":65},"end":{"line":19,"column":18}}},"2":{"name":"(anonymous_2)","decl":{"start":{"line":22,"column":41},"end":{"line":22,"column":48}},"loc":{"start":{"line":22,"column":53},"end":{"line":22,"column":22}}},"3":{"name":"(anonymous_3)","decl":{"start":{"line":29,"column":27},"end":{"line":29,"column":28}},"loc":{"start":{"line":29,"column":43},"end":{"line":29,"column":0}}},"4":{"name":"(anonymous_4)","decl":{"start":{"line":30,"column":35},"end":{"line":30,"column":38}},"loc":{"start":{"line":30,"column":43},"end":{"line":30,"column":19}}},"5":{"name":"(anonymous_5)","decl":{"start":{"line":38,"column":46},"end":{"line":38,"column":51}},"loc":{"start":{"line":38,"column":64},"end":{"line":37,"column":21}}},"6":{"name":"(anonymous_6)","decl":{"start":{"line":41,"column":25},"end":{"line":41,"column":27}},"loc":{"start":{"line":41,"column":32},"end":{"line":41,"column":8}}},"7":{"name":"(anonymous_7)","decl":{"start":{"line":46,"column":53},"end":{"line":46,"column":58}},"loc":{"start":{"line":46,"column":76},"end":{"line":45,"column":35}}},"8":{"name":"(anonymous_8)","decl":{"start":{"line":48,"column":34},"end":{"line":48,"column":36}},"loc":{"start":{"line":48,"column":41},"end":{"line":48,"column":12}}},"9":{"name":"(anonymous_9)","decl":{"start":{"line":52,"column":22},"end":{"line":52,"column":25}},"loc":{"start":{"line":52,"column":30},"end":{"line":52,"column":12}}},"10":{"name":"(anonymous_10)","decl":{"start":{"line":53,"column":45},"end":{"line":53,"column":52}},"loc":{"start":{"line":53,"column":57},"end":{"line":53,"column":28}}},"11":{"name":"(anonymous_11)","decl":{"start":{"line":62,"column":47},"end":{"line":62,"column":53}},"loc":{"start":{"line":62,"column":65},"end":{"line":62,"column":12}}},"12":{"name":"(anonymous_12)","decl":{"start":{"line":78,"column":53},"end":{"line":78,"column":56}},"loc":{"start":{"line":78,"column":61},"end":{"line":78,"column":37}}},"13":{"name":"(anonymous_13)","decl":{"start":{"line":79,"column":78},"end":{"line":79,"column":85}},"loc":{"start":{"line":79,"column":90},"end":{"line":79,"column":40}}},"14":{"name":"(anonymous_14)","decl":{"start":{"line":90,"column":14},"end":{"line":90,"column":12}},"loc":{"start":{"line":90,"column":24},"end":{"line":45,"column":35}}},"15":{"name":"(anonymous_15)","decl":{"start":{"line":94,"column":10},"end":{"line":94,"column":8}},"loc":{"start":{"line":94,"column":20},"end":{"line":37,"column":21}}}},"branchMap":{"0":{"loc":{"start":{"line":55,"column":14},"end":{"line":57,"column":15}},"type":"if","locations":[{"start":{"line":55,"column":14},"end":{"line":57,"column":15}},{"start":{"line":55,"column":14},"end":{"line":57,"column":15}}]},"1":{"loc":{"start":{"line":58,"column":14},"end":{"line":60,"column":15}},"type":"if","locations":[{"start":{"line":58,"column":14},"end":{"line":60,"column":15}},{"start":{"line":58,"column":14},"end":{"line":60,"column":15}}]},"2":{"loc":{"start":{"line":63,"column":14},"end":{"line":68,"column":15}},"type":"if","locations":[{"start":{"line":63,"column":14},"end":{"line":68,"column":15}},{"start":{"line":63,"column":14},"end":{"line":68,"column":15}}]},"3":{"loc":{"start":{"line":64,"column":16},"end":{"line":67,"column":17}},"type":"if","locations":[{"start":{"line":64,"column":16},"end":{"line":67,"column":17}},{"start":{"line":64,"column":16},"end":{"line":67,"column":17}}]},"4":{"loc":{"start":{"line":69,"column":14},"end":{"line":87,"column":15}},"type":"if","locations":[{"start":{"line":69,"column":14},"end":{"line":87,"column":15}},{"start":{"line":69,"column":14},"end":{"line":87,"column":15}}]},"5":{"loc":{"start":{"line":70,"column":16},"end":{"line":73,"column":17}},"type":"if","locations":[{"start":{"line":70,"column":16},"end":{"line":73,"column":17}},{"start":{"line":70,"column":16},"end":{"line":73,"column":17}}]},"6":{"loc":{"start":{"line":74,"column":16},"end":{"line":86,"column":17}},"type":"if","locations":[{"start":{"line":74,"column":16},"end":{"line":86,"column":17}},{"start":{"line":74,"column":16},"end":{"line":86,"column":17}}]},"7":{"loc":{"start":{"line":80,"column":20},"end":{"line":82,"column":21}},"type":"if","locations":[{"start":{"line":80,"column":20},"end":{"line":82,"column":21}},{"start":{"line":80,"column":20},"end":{"line":82,"column":21}}]}},"s":{"0":0,"1":0,"2":0,"3":0,"4":0,"5":0,"6":0,"7":0,"8":0,"9":0,"10":0,"11":0,"12":0,"13":0,"14":0,"15":0,"16":0,"17":0,"18":0,"19":0,"20":0,"21":0,"22":0,"23":0,"24":0,"25":0,"26":0,"27":0,"28":0,"29":0,"30":0,"31":0,"32":0,"33":0,"34":0,"35":0,"36":0,"37":0,"38":0,"39":0,"40":0,"41":0,"42":0,"43":0,"44":0,"45":0,"46":0,"47":0,"48":0,"49":0,"50":0,"51":0,"52":0,"53":0,"54":0,"55":0,"56":0,"57":0,"58":0,"59":0,"60":0,"61":0,"62":0,"63":0,"64":0,"65":0,"66":0,"67":0,"68":0,"69":0,"70":0,"71":0,"72":0},"f":{"0":0,"1":0,"2":0,"3":0,"4":0,"5":0,"6":0,"7":0,"8":0,"9":0,"10":0,"11":0,"12":0,"13":0,"14":0,"15":0},"b":{"0":[0,0],"1":[0,0],"2":[0,0],"3":[0,0],"4":[0,0],"5":[0,0],"6":[0,0],"7":[0,0]}}
,"/Users/wutmanintu/Documents/GitHub/preorder/src/store/modules/menu.js": {"path":"/Users/wutmanintu/Documents/GitHub/preorder/src/store/modules/menu.js","statementMap":{"0":{"start":{"line":2,"column":0},"end":{"line":null,"column":-1}},"1":{"start":{"line":3,"column":0},"end":{"line":null,"column":-1}},"2":{"start":{"line":6,"column":14},"end":{"line":6,"column":0}},"3":{"start":{"line":20,"column":16},"end":{"line":20,"column":0}},"4":{"start":{"line":22,"column":4},"end":{"line":null,"column":-1}},"5":{"start":{"line":25,"column":4},"end":{"line":null,"column":-1}},"6":{"start":{"line":30,"column":16},"end":{"line":30,"column":0}},"7":{"start":{"line":32,"column":4},"end":{"line":40,"column":5}},"8":{"start":{"line":33,"column":6},"end":{"line":null,"column":-1}},"9":{"start":{"line":34,"column":20},"end":{"line":34,"column":6}},"10":{"start":{"line":35,"column":6},"end":{"line":null,"column":-1}},"11":{"start":{"line":36,"column":19},"end":{"line":36,"column":6}},"12":{"start":{"line":37,"column":6},"end":{"line":null,"column":-1}},"13":{"start":{"line":39,"column":6},"end":{"line":null,"column":-1}},"14":{"start":{"line":43,"column":23},"end":{"line":43,"column":4}},"15":{"start":{"line":44,"column":18},"end":{"line":44,"column":6}},"16":{"start":{"line":45,"column":6},"end":{"line":null,"column":-1}},"17":{"start":{"line":46,"column":8},"end":{"line":null,"column":-1}},"18":{"start":{"line":48,"column":6},"end":{"line":null,"column":-1}},"19":{"start":{"line":50,"column":6},"end":{"line":null,"column":-1}},"20":{"start":{"line":52,"column":4},"end":{"line":null,"column":-1}},"21":{"start":{"line":55,"column":4},"end":{"line":null,"column":-1}},"22":{"start":{"line":58,"column":4},"end":{"line":null,"column":-1}},"23":{"start":{"line":61,"column":23},"end":{"line":61,"column":4}},"24":{"start":{"line":64,"column":6},"end":{"line":null,"column":-1}},"25":{"start":{"line":66,"column":4},"end":{"line":null,"column":-1}},"26":{"start":{"line":69,"column":22},"end":{"line":69,"column":4}},"27":{"start":{"line":70,"column":4},"end":{"line":70,"column":15}},"28":{"start":{"line":75,"column":18},"end":{"line":75,"column":0}},"29":{"start":{"line":77,"column":4},"end":{"line":null,"column":-1}},"30":{"start":{"line":80,"column":4},"end":{"line":null,"column":-1}},"31":{"start":{"line":83,"column":16},"end":{"line":83,"column":4}},"32":{"start":{"line":83,"column":49},"end":{"line":83,"column":16}},"33":{"start":{"line":84,"column":4},"end":{"line":null,"column":-1}},"34":{"start":{"line":87,"column":16},"end":{"line":87,"column":4}},"35":{"start":{"line":87,"column":49},"end":{"line":87,"column":16}},"36":{"start":{"line":88,"column":4},"end":{"line":null,"column":-1}},"37":{"start":{"line":91,"column":4},"end":{"line":null,"column":-1}},"38":{"start":{"line":94,"column":4},"end":{"line":null,"column":-1}},"39":{"start":{"line":97,"column":4},"end":{"line":null,"column":-1}}},"fnMap":{"0":{"name":"(anonymous_0)","decl":{"start":{"line":43,"column":79},"end":{"line":43,"column":86}},"loc":{"start":{"line":43,"column":91},"end":{"line":43,"column":23}}},"1":{"name":"(anonymous_1)","decl":{"start":{"line":45,"column":23},"end":{"line":45,"column":25}},"loc":{"start":{"line":45,"column":30},"end":{"line":45,"column":6}}},"2":{"name":"(anonymous_2)","decl":{"start":{"line":49,"column":8},"end":{"line":49,"column":6}},"loc":{"start":{"line":49,"column":18},"end":{"line":43,"column":23}}},"3":{"name":"(anonymous_3)","decl":{"start":{"line":63,"column":8},"end":{"line":63,"column":6}},"loc":{"start":{"line":63,"column":16},"end":{"line":61,"column":23}}},"4":{"name":"(anonymous_4)","decl":{"start":{"line":69,"column":61},"end":{"line":69,"column":72}},"loc":{"start":{"line":69,"column":73},"end":{"line":69,"column":22}}},"5":{"name":"(anonymous_5)","decl":{"start":{"line":83,"column":38},"end":{"line":83,"column":44}},"loc":{"start":{"line":83,"column":49},"end":{"line":83,"column":16}}},"6":{"name":"(anonymous_6)","decl":{"start":{"line":87,"column":38},"end":{"line":87,"column":44}},"loc":{"start":{"line":87,"column":49},"end":{"line":87,"column":16}}}},"branchMap":{},"s":{"0":0,"1":0,"2":0,"3":0,"4":0,"5":0,"6":0,"7":0,"8":0,"9":0,"10":0,"11":0,"12":0,"13":0,"14":0,"15":0,"16":0,"17":0,"18":0,"19":0,"20":0,"21":0,"22":0,"23":0,"24":0,"25":0,"26":0,"27":0,"28":0,"29":0,"30":0,"31":0,"32":0,"33":0,"34":0,"35":0,"36":0,"37":0,"38":0,"39":0},"f":{"0":0,"1":0,"2":0,"3":0,"4":0,"5":0,"6":0},"b":{}}
,"/Users/wutmanintu/Documents/GitHub/preorder/src/store/modules/user.js": {"path":"/Users/wutmanintu/Documents/GitHub/preorder/src/store/modules/user.js","statementMap":{"0":{"start":{"line":2,"column":14},"end":{"line":2,"column":0}},"1":{"start":{"line":8,"column":16},"end":{"line":8,"column":0}},"2":{"start":{"line":10,"column":4},"end":{"line":null,"column":-1}},"3":{"start":{"line":13,"column":4},"end":{"line":null,"column":-1}},"4":{"start":{"line":18,"column":16},"end":{"line":18,"column":0}},"5":{"start":{"line":20,"column":4},"end":{"line":null,"column":-1}},"6":{"start":{"line":23,"column":4},"end":{"line":null,"column":-1}},"7":{"start":{"line":28,"column":18},"end":{"line":28,"column":0}},"8":{"start":{"line":30,"column":4},"end":{"line":null,"column":-1}},"9":{"start":{"line":33,"column":4},"end":{"line":null,"column":-1}}},"fnMap":{},"branchMap":{},"s":{"0":0,"1":0,"2":0,"3":0,"4":0,"5":0,"6":0,"7":0,"8":0,"9":0},"f":{},"b":{}}
,"/Users/wutmanintu/Documents/GitHub/preorder/src/util/formatDateTime.js": {"path":"/Users/wutmanintu/Documents/GitHub/preorder/src/util/formatDateTime.js","statementMap":{"0":{"start":{"line":1,"column":0},"end":{"line":null,"column":-1}},"1":{"start":{"line":4,"column":2},"end":{"line":6,"column":3}},"2":{"start":{"line":5,"column":4},"end":{"line":null,"column":-1}}},"fnMap":{"0":{"name":"formatUnixTimestamp","decl":{"start":{"line":3,"column":9},"end":{"line":3,"column":0}},"loc":{"start":{"line":3,"column":39},"end":{"line":7,"column":1}}}},"branchMap":{"0":{"loc":{"start":{"line":4,"column":2},"end":{"line":6,"column":3}},"type":"if","locations":[{"start":{"line":4,"column":2},"end":{"line":6,"column":3}},{"start":{"line":4,"column":2},"end":{"line":6,"column":3}}]}},"s":{"0":0,"1":0,"2":0},"f":{"0":0},"b":{"0":[0,0]}}
,"/Users/wutmanintu/Documents/GitHub/preorder/src/views/ItemList.vue": {"path":"/Users/wutmanintu/Documents/GitHub/preorder/src/views/ItemList.vue","statementMap":{"0":{"start":{"line":35,"column":0},"end":{"line":null,"column":-1}},"1":{"start":{"line":36,"column":0},"end":{"line":null,"column":-1}},"2":{"start":{"line":37,"column":0},"end":{"line":null,"column":-1}},"3":{"start":{"line":38,"column":0},"end":{"line":null,"column":-1}},"4":{"start":{"line":39,"column":0},"end":{"line":null,"column":-1}},"5":{"start":{"line":40,"column":0},"end":{"line":null,"column":-1}},"6":{"start":{"line":52,"column":0},"end":{"line":null,"column":-1}},"7":{"start":{"line":67,"column":0},"end":{"line":null,"column":-1}},"8":{"start":{"line":68,"column":0},"end":{"line":null,"column":-1}},"9":{"start":{"line":69,"column":0},"end":{"line":null,"column":-1}},"10":{"start":{"line":72,"column":0},"end":{"line":null,"column":-1}},"11":{"start":{"line":73,"column":0},"end":{"line":null,"column":-1}},"12":{"start":{"line":74,"column":0},"end":{"line":null,"column":-1}},"13":{"start":{"line":75,"column":0},"end":{"line":null,"column":-1}},"14":{"start":{"line":76,"column":0},"end":{"line":null,"column":-1}},"15":{"start":{"line":91,"column":0},"end":{"line":null,"column":-1}},"16":{"start":{"line":94,"column":0},"end":{"line":null,"column":-1}},"17":{"start":{"line":97,"column":0},"end":{"line":null,"column":-1}},"18":{"start":{"line":99,"column":0},"end":{"line":null,"column":-1}},"19":{"start":{"line":104,"column":0},"end":{"line":null,"column":-1}},"20":{"start":{"line":106,"column":0},"end":{"line":null,"column":-1}},"21":{"start":{"line":111,"column":0},"end":{"line":null,"column":-1}},"22":{"start":{"line":113,"column":0},"end":{"line":null,"column":-1}},"23":{"start":{"line":118,"column":0},"end":{"line":null,"column":-1}},"24":{"start":{"line":122,"column":0},"end":{"line":null,"column":-1}},"25":{"start":{"line":123,"column":0},"end":{"line":138,"column":0}},"26":{"start":{"line":124,"column":0},"end":{"line":null,"column":-1}},"27":{"start":{"line":129,"column":0},"end":{"line":137,"column":0}},"28":{"start":{"line":130,"column":0},"end":{"line":null,"column":-1}},"29":{"start":{"line":131,"column":0},"end":{"line":null,"column":-1}},"30":{"start":{"line":132,"column":0},"end":{"line":null,"column":-1}},"31":{"start":{"line":133,"column":0},"end":{"line":null,"column":-1}},"32":{"start":{"line":135,"column":0},"end":{"line":null,"column":-1}},"33":{"start":{"line":136,"column":0},"end":{"line":null,"column":-1}}},"fnMap":{},"branchMap":{"0":{"loc":{"start":{"line":98,"column":0},"end":{"line":104,"column":0}},"type":"switch","locations":[{"start":{"line":98,"column":0},"end":{"line":104,"column":0}},{"start":{"line":105,"column":0},"end":{"line":111,"column":0}},{"start":{"line":112,"column":0},"end":{"line":118,"column":0}}]},"1":{"loc":{"start":{"line":123,"column":0},"end":{"line":138,"column":0}},"type":"if","locations":[{"start":{"line":123,"column":0},"end":{"line":138,"column":0}},{"start":{"line":123,"column":0},"end":{"line":138,"column":0}}]},"2":{"loc":{"start":{"line":123,"column":0},"end":{"line":null,"column":-1}},"type":"binary-expr","locations":[{"start":{"line":123,"column":0},"end":{"line":null,"column":-1}},{"start":{"line":123,"column":0},"end":{"line":null,"column":-1}}]}},"s":{"0":0,"1":0,"2":0,"3":0,"4":0,"5":0,"6":0,"7":0,"8":0,"9":0,"10":0,"11":0,"12":0,"13":0,"14":0,"15":0,"16":0,"17":0,"18":0,"19":0,"20":0,"21":0,"22":0,"23":0,"24":0,"25":0,"26":0,"27":0,"28":0,"29":0,"30":0,"31":0,"32":0,"33":0},"f":{},"b":{"0":[0,0,0],"1":[0,0],"2":[0,0]}}
,"/Users/wutmanintu/Documents/GitHub/preorder/src/views/Login.vue": {"path":"/Users/wutmanintu/Documents/GitHub/preorder/src/views/Login.vue","statementMap":{"0":{"start":{"line":15,"column":0},"end":{"line":null,"column":-1}},"1":{"start":{"line":16,"column":0},"end":{"line":null,"column":-1}},"2":{"start":{"line":24,"column":0},"end":{"line":32,"column":0}},"3":{"start":{"line":25,"column":0},"end":{"line":null,"column":-1}},"4":{"start":{"line":26,"column":0},"end":{"line":null,"column":-1}},"5":{"start":{"line":27,"column":0},"end":{"line":29,"column":0}},"6":{"start":{"line":28,"column":0},"end":{"line":null,"column":-1}},"7":{"start":{"line":31,"column":0},"end":{"line":null,"column":-1}},"8":{"start":{"line":36,"column":0},"end":{"line":null,"column":-1}},"9":{"start":{"line":37,"column":0},"end":{"line":null,"column":-1}}},"fnMap":{},"branchMap":{"0":{"loc":{"start":{"line":27,"column":0},"end":{"line":29,"column":0}},"type":"if","locations":[{"start":{"line":27,"column":0},"end":{"line":29,"column":0}},{"start":{"line":27,"column":0},"end":{"line":29,"column":0}}]},"1":{"loc":{"start":{"line":27,"column":0},"end":{"line":null,"column":-1}},"type":"binary-expr","locations":[{"start":{"line":27,"column":0},"end":{"line":null,"column":-1}},{"start":{"line":27,"column":0},"end":{"line":null,"column":-1}}]}},"s":{"0":0,"1":0,"2":0,"3":0,"4":0,"5":0,"6":0,"7":0,"8":0,"9":0},"f":{},"b":{"0":[0,0],"1":[0,0]}}
,"/Users/wutmanintu/Documents/GitHub/preorder/src/views/MenuForm.vue": {"path":"/Users/wutmanintu/Documents/GitHub/preorder/src/views/MenuForm.vue","statementMap":{"0":{"start":{"line":24,"column":0},"end":{"line":null,"column":-1}},"1":{"start":{"line":27,"column":0},"end":{"line":null,"column":-1}},"2":{"start":{"line":49,"column":0},"end":{"line":64,"column":0}},"3":{"start":{"line":50,"column":0},"end":{"line":63,"column":0}},"4":{"start":{"line":51,"column":0},"end":{"line":59,"column":0}},"5":{"start":{"line":52,"column":0},"end":{"line":null,"column":-1}},"6":{"start":{"line":53,"column":0},"end":{"line":56,"column":0}},"7":{"start":{"line":54,"column":0},"end":{"line":null,"column":-1}},"8":{"start":{"line":55,"column":0},"end":{"line":null,"column":-1}},"9":{"start":{"line":58,"column":0},"end":{"line":null,"column":-1}},"10":{"start":{"line":61,"column":0},"end":{"line":null,"column":-1}},"11":{"start":{"line":62,"column":0},"end":{"line":null,"column":-1}},"12":{"start":{"line":67,"column":0},"end":{"line":null,"column":-1}},"13":{"start":{"line":70,"column":0},"end":{"line":null,"column":-1}}},"fnMap":{"0":{"name":"(anonymous_1)","decl":{"start":{"line":49,"column":0},"end":{"line":null,"column":-1}},"loc":{"start":{"line":49,"column":0},"end":{"line":64,"column":0}}}},"branchMap":{"0":{"loc":{"start":{"line":50,"column":0},"end":{"line":63,"column":0}},"type":"if","locations":[{"start":{"line":50,"column":0},"end":{"line":63,"column":0}},{"start":{"line":50,"column":0},"end":{"line":63,"column":0}}]},"1":{"loc":{"start":{"line":53,"column":0},"end":{"line":56,"column":0}},"type":"if","locations":[{"start":{"line":53,"column":0},"end":{"line":56,"column":0}},{"start":{"line":53,"column":0},"end":{"line":56,"column":0}}]}},"s":{"0":0,"1":0,"2":0,"3":0,"4":0,"5":0,"6":0,"7":0,"8":0,"9":0,"10":0,"11":0,"12":0,"13":0},"f":{"0":0},"b":{"0":[0,0],"1":[0,0]}}
,"/Users/wutmanintu/Documents/GitHub/preorder/src/views/MenuList.vue": {"path":"/Users/wutmanintu/Documents/GitHub/preorder/src/views/MenuList.vue","statementMap":{"0":{"start":{"line":13,"column":0},"end":{"line":null,"column":-1}},"1":{"start":{"line":14,"column":0},"end":{"line":null,"column":-1}},"2":{"start":{"line":20,"column":0},"end":{"line":null,"column":-1}},"3":{"start":{"line":31,"column":0},"end":{"line":null,"column":-1}},"4":{"start":{"line":34,"column":0},"end":{"line":null,"column":-1}},"5":{"start":{"line":42,"column":0},"end":{"line":null,"column":-1}},"6":{"start":{"line":45,"column":0},"end":{"line":null,"column":-1}}},"fnMap":{},"branchMap":{},"s":{"0":0,"1":0,"2":0,"3":0,"4":0,"5":0,"6":0},"f":{},"b":{}}
,"/Users/wutmanintu/Documents/GitHub/preorder/src/views/NotFound.vue": {"path":"/Users/wutmanintu/Documents/GitHub/preorder/src/views/NotFound.vue","statementMap":{"0":{"start":{"line":8,"column":0},"end":{"line":null,"column":-1}}},"fnMap":{},"branchMap":{},"s":{"0":0},"f":{},"b":{}}
}
